Drill report for joystick.kicad_pcb
Created on Tue Jun 21 20:26:15 2022

Copper Layer Stackup:
    =============================================================
    L1 :  F.Cu                      front
    L2 :  B.Cu                      back


Drill file 'joystick.drl' contains
    plated through holes:
    =============================================================
    T1  0.400mm  0.0157"  (1 hole)
    T2  0.800mm  0.0315"  (102 holes)
    T3  1.016mm  0.0400"  (10 holes)
    T4  1.100mm  0.0433"  (4 holes)
    T5  1.190mm  0.0469"  (6 holes)
    T6  1.200mm  0.0472"  (10 holes)
    T7  2.700mm  0.1063"  (20 holes)

    Total plated holes count 153


Not plated through holes are merged with plated holes
    unplated through holes:
    =============================================================
    T8  3.200mm  0.1260"  (2 holes)

    Total unplated holes count 2
